<?xml version="1.0" encoding="UTF-8"?>
<!-- Generated by org.testng.reporters.JUnitXMLReporter -->
<testsuite ignored="4" hostname="DERIW42NLPC0802" failures="0" tests="7" name="Achievements Tests" time="308.077" errors="0" timestamp="2021-02-24T22:18:21 IST">
  <testcase classname="achievements.FunctionalTests" name="test1" time="10.428"/>
  <testcase classname="achievements.FunctionalTests" name="test2" time="4.819"/>
  <testcase classname="achievements.FunctionalTests" name="test3" time="4.475"/>
  <testcase classname="achievements.DBErrors" name="achievements_saveAchievement_userInitiated" time="1.462"/>
  <testcase classname="achievements.DBErrors" name="test1" time="0.906"/>
  <testcase classname="achievements.DBErrors" name="test2" time="1.04"/>
  <testcase classname="achievements.DBErrors" name="test3" time="1.609"/>
  <testcase classname="baseClass.Driver" name="@BeforeSuite oneTimeSetUp" time="0.0">
    <ignored/>
  </testcase> <!-- @BeforeSuite oneTimeSetUp -->
  <testcase classname="achievements.TC_Achievements_PreCondition" name="@AfterTest achievementsPostCondition" time="0.0">
    <ignored/>
  </testcase> <!-- @AfterTest achievementsPostCondition -->
  <testcase classname="baseClass.Driver" name="@AfterSuite oneTimeTearDown" time="0.0">
    <ignored/>
  </testcase> <!-- @AfterSuite oneTimeTearDown -->
  <testcase classname="achievements.TC_Achievements_PreCondition" name="@BeforeTest achievementsPreCondition" time="0.0">
    <ignored/>
  </testcase> <!-- @BeforeTest achievementsPreCondition -->
</testsuite> <!-- Achievements Tests -->
