<?xml version="1.0" encoding="UTF-8"?>
<!-- Generated by org.testng.reporters.JUnitXMLReporter -->
<testsuite ignored="4" hostname="DERIW42NLPC0802" failures="0" tests="6" name="FreeGames Tests" time="178.097" errors="0" timestamp="2021-02-24T22:21:19 IST">
  <testcase classname="freeGames.BonusOffers" name="test1" time="1.631"/>
  <testcase classname="freeGames.BonusOffers" name="test2" time="0.77"/>
  <testcase classname="freeGames.BonusOffers" name="test3" time="1.431"/>
  <testcase classname="freeGames.CashOffers" name="test1" time="0.968"/>
  <testcase classname="freeGames.CashOffers" name="test2" time="1.115"/>
  <testcase classname="freeGames.CashOffers" name="test3" time="1.654"/>
  <testcase classname="baseClass.Driver" name="@BeforeSuite oneTimeSetUp" time="0.0">
    <ignored/>
  </testcase> <!-- @BeforeSuite oneTimeSetUp -->
  <testcase classname="freeGames.TC_FreeGames_PreCondition" name="@BeforeTest freeGamesPreCondition" time="0.0">
    <ignored/>
  </testcase> <!-- @BeforeTest freeGamesPreCondition -->
  <testcase classname="freeGames.TC_FreeGames_PreCondition" name="@AfterTest freeGamesPostCondition" time="0.0">
    <ignored/>
  </testcase> <!-- @AfterTest freeGamesPostCondition -->
  <testcase classname="baseClass.Driver" name="@AfterSuite oneTimeTearDown" time="0.0">
    <ignored/>
  </testcase> <!-- @AfterSuite oneTimeTearDown -->
</testsuite> <!-- FreeGames Tests -->
