<?xml version="1.0" encoding="UTF-8"?>
<!-- Generated by org.testng.reporters.JUnitXMLReporter -->
<testsuite ignored="1" hostname="DERIW42NLPC0802" failures="0" tests="2" name="Test" time="0.043" errors="0" timestamp="2021-02-23T22:29:10 IST">
  <testcase classname="testing.AnnotationsClass3" name="test2" time="0.005"/>
  <testcase classname="testing.AnnotationsClass3" name="test1" time="0.001"/>
  <testcase classname="testing.AnnotationsClass3" name="test3" time="0.0">
    <ignored/>
  </testcase> <!-- test3 -->
</testsuite> <!-- Test -->
