<?xml version="1.0" encoding="UTF-8"?>
<!-- Generated by org.testng.reporters.JUnitXMLReporter -->
<testsuite ignored="4" hostname="DERIW42NLPC0802" failures="0" tests="6" name="TimersAndSweepers Tests" time="97.219" errors="0" timestamp="2021-02-24T22:22:57 IST">
  <testcase classname="timersAndSweepers.UserInitiated" name="test1" time="1.348"/>
  <testcase classname="timersAndSweepers.UserInitiated" name="test2" time="2.194"/>
  <testcase classname="timersAndSweepers.UserInitiated" name="test3" time="1.537"/>
  <testcase classname="timersAndSweepers.SweeperInitiated" name="test1" time="2.732"/>
  <testcase classname="timersAndSweepers.SweeperInitiated" name="test2" time="6.482"/>
  <testcase classname="timersAndSweepers.SweeperInitiated" name="test3" time="3.726"/>
  <testcase classname="baseClass.Driver" name="@BeforeSuite oneTimeSetUp" time="0.0">
    <ignored/>
  </testcase> <!-- @BeforeSuite oneTimeSetUp -->
  <testcase classname="timersAndSweepers.TC_TimersAndSweepers_PreCondition" name="@BeforeTest timersAndSweepersPreCondition" time="0.0">
    <ignored/>
  </testcase> <!-- @BeforeTest timersAndSweepersPreCondition -->
  <testcase classname="baseClass.Driver" name="@AfterSuite oneTimeTearDown" time="0.0">
    <ignored/>
  </testcase> <!-- @AfterSuite oneTimeTearDown -->
  <testcase classname="timersAndSweepers.TC_TimersAndSweepers_PreCondition" name="@AfterTest timersAndSweepersPostCondition" time="0.0">
    <ignored/>
  </testcase> <!-- @AfterTest timersAndSweepersPostCondition -->
</testsuite> <!-- TimersAndSweepers Tests -->
