<?xml version="1.0" encoding="UTF-8"?>
<!-- Generated by org.testng.reporters.JUnitXMLReporter -->
<testsuite ignored="2" hostname="DERIW42NLPC0802" failures="0" tests="1" name="Default test" time="0.05" errors="0" timestamp="2021-02-24T21:57:35 IST">
  <testcase classname="achievements.FunctionalTests" name="test1" time="0.01"/>
  <testcase classname="achievements.FunctionalTests" name="test2" time="0.0">
    <ignored/>
  </testcase> <!-- test2 -->
  <testcase classname="achievements.FunctionalTests" name="test3" time="0.0">
    <ignored/>
  </testcase> <!-- test3 -->
</testsuite> <!-- Default test -->
